<?xml version="1.0" encoding="UTF-8"?>
<!-- Generated by org.testng.reporters.JUnitReportReporter -->
<testsuite hostname="DESKTOP-M0ACNOV" failures="0" tests="4" name="Demos.EcommerceRestTesting" time="25.733" errors="0" timestamp="2021-06-23T09:32:01 IST" skipped="1">
  <testcase classname="Demos.EcommerceRestTesting" name="Login" time="19.195"/>
  <system-out/>
  <testcase classname="Demos.EcommerceRestTesting" name="getalluser" time="4.648"/>
  <system-out/>
  <testcase classname="Demos.EcommerceRestTesting" name="deleteuser" time="1.890"/>
  <system-out/>
  <testcase classname="Demos.EcommerceRestTesting" name="signup">
    <skipped/>
  </testcase> <!-- signup -->
  <system-out/>
</testsuite> <!-- Demos.EcommerceRestTesting -->
