<?xml version="1.0" encoding="UTF-8"?>
<!-- Generated by org.testng.reporters.JUnitReportReporter -->
<testsuite hostname="DESKTOP-M0ACNOV" failures="0" tests="3" name="Demos.restAssuredDemo" time="3.713" errors="0" timestamp="2021-06-24T10:41:14 IST" skipped="2">
  <testcase classname="Demos.restAssuredDemo" name="testcase3" time="3.713"/>
  <system-out/>
  <testcase classname="Demos.restAssuredDemo" name="testcase2">
    <skipped/>
  </testcase> <!-- testcase2 -->
  <system-out/>
  <testcase classname="Demos.restAssuredDemo" name="testcase1">
    <skipped/>
  </testcase> <!-- testcase1 -->
  <system-out/>
</testsuite> <!-- Demos.restAssuredDemo -->
